{"D:\\alimpos\\junior\\test-todolist\\test-todolist\\src\\App.tsx": {"path":"D:\\alimpos\\junior\\test-todolist\\test-todolist\\src\\App.tsx","statementMap":{"0":{"start":{"line":9,"column":2},"end":{"line":14,"column":3}}},"fnMap":{"0":{"name":"App","decl":{"start":{"line":7,"column":9},"end":{"line":7,"column":12}},"loc":{"start":{"line":7,"column":15},"end":{"line":15,"column":1}},"line":7}},"branchMap":{},"s":{"0":1},"f":{"0":1},"b":{},"_coverageSchema":"1a1c01bbd47fc00a2c39e90264f33305004495a9","hash":"98ce5768f9443d593fd4368a0001b0e63b9c7992"}
,"D:\\alimpos\\junior\\test-todolist\\test-todolist\\src\\main.tsx": {"path":"D:\\alimpos\\junior\\test-todolist\\test-todolist\\src\\main.tsx","statementMap":{"0":{"start":{"line":9,"column":0},"end":{"line":15,"column":1}}},"fnMap":{},"branchMap":{},"s":{"0":0},"f":{},"b":{}}
,"D:\\alimpos\\junior\\test-todolist\\test-todolist\\src\\components\\Header\\Header.tsx": {"path":"D:\\alimpos\\junior\\test-todolist\\test-todolist\\src\\components\\Header\\Header.tsx","statementMap":{"0":{"start":{"line":3,"column":22},"end":{"line":12,"column":1}},"1":{"start":{"line":5,"column":4},"end":{"line":11,"column":5}}},"fnMap":{"0":{"name":"(anonymous_0)","decl":{"start":{"line":3,"column":22},"end":{"line":3,"column":23}},"loc":{"start":{"line":3,"column":27},"end":{"line":12,"column":1}},"line":3}},"branchMap":{},"s":{"0":1,"1":1},"f":{"0":1},"b":{},"_coverageSchema":"1a1c01bbd47fc00a2c39e90264f33305004495a9","hash":"bb6ffc66171925b62b048e03cdf04def01e30ac4"}
,"D:\\alimpos\\junior\\test-todolist\\test-todolist\\src\\components\\Main\\Main.tsx": {"path":"D:\\alimpos\\junior\\test-todolist\\test-todolist\\src\\components\\Main\\Main.tsx","statementMap":{"0":{"start":{"line":11,"column":20},"end":{"line":54,"column":1}},"1":{"start":{"line":12,"column":36},"end":{"line":12,"column":62}},"2":{"start":{"line":13,"column":44},"end":{"line":13,"column":70}},"3":{"start":{"line":14,"column":46},"end":{"line":14,"column":72}},"4":{"start":{"line":17,"column":4},"end":{"line":17,"column":37}},"5":{"start":{"line":19,"column":2},"end":{"line":21,"column":18}},"6":{"start":{"line":20,"column":4},"end":{"line":20,"column":63}},"7":{"start":{"line":23,"column":2},"end":{"line":53,"column":4}}},"fnMap":{"0":{"name":"(anonymous_0)","decl":{"start":{"line":11,"column":20},"end":{"line":11,"column":21}},"loc":{"start":{"line":11,"column":26},"end":{"line":54,"column":1}},"line":11},"1":{"name":"formActive","decl":{"start":{"line":16,"column":11},"end":{"line":16,"column":21}},"loc":{"start":{"line":16,"column":35},"end":{"line":18,"column":3}},"line":16},"2":{"name":"(anonymous_2)","decl":{"start":{"line":19,"column":12},"end":{"line":19,"column":13}},"loc":{"start":{"line":19,"column":18},"end":{"line":21,"column":3}},"line":19}},"branchMap":{},"s":{"0":1,"1":2,"2":2,"3":2,"4":0,"5":2,"6":1,"7":2},"f":{"0":2,"1":0,"2":1},"b":{},"_coverageSchema":"1a1c01bbd47fc00a2c39e90264f33305004495a9","hash":"32254d736fb65882a89222eb0879a0f0096a0564"}
,"D:\\alimpos\\junior\\test-todolist\\test-todolist\\src\\components\\StateTodoList\\StateTodoList.tsx": {"path":"D:\\alimpos\\junior\\test-todolist\\test-todolist\\src\\components\\StateTodoList\\StateTodoList.tsx","statementMap":{"0":{"start":{"line":5,"column":29},"end":{"line":40,"column":1}},"1":{"start":{"line":14,"column":19},"end":{"line":14,"column":27}},"2":{"start":{"line":15,"column":16},"end":{"line":15,"column":24}},"3":{"start":{"line":17,"column":25},"end":{"line":22,"column":6}},"4":{"start":{"line":18,"column":6},"end":{"line":20,"column":7}},"5":{"start":{"line":19,"column":8},"end":{"line":19,"column":49}},"6":{"start":{"line":21,"column":6},"end":{"line":21,"column":15}},"7":{"start":{"line":23,"column":4},"end":{"line":23,"column":28}},"8":{"start":{"line":25,"column":2},"end":{"line":39,"column":3}},"9":{"start":{"line":26,"column":4},"end":{"line":36,"column":6}},"10":{"start":{"line":29,"column":10},"end":{"line":33,"column":12}},"11":{"start":{"line":38,"column":4},"end":{"line":38,"column":42}}},"fnMap":{"0":{"name":"(anonymous_0)","decl":{"start":{"line":5,"column":29},"end":{"line":5,"column":30}},"loc":{"start":{"line":13,"column":6},"end":{"line":40,"column":1}},"line":13},"1":{"name":"editAnObject","decl":{"start":{"line":16,"column":11},"end":{"line":16,"column":23}},"loc":{"start":{"line":16,"column":39},"end":{"line":24,"column":3}},"line":16},"2":{"name":"(anonymous_2)","decl":{"start":{"line":17,"column":36},"end":{"line":17,"column":37}},"loc":{"start":{"line":17,"column":43},"end":{"line":22,"column":5}},"line":17},"3":{"name":"(anonymous_3)","decl":{"start":{"line":28,"column":19},"end":{"line":28,"column":20}},"loc":{"start":{"line":28,"column":26},"end":{"line":34,"column":9}},"line":28}},"branchMap":{"0":{"loc":{"start":{"line":18,"column":6},"end":{"line":20,"column":7}},"type":"if","locations":[{"start":{"line":18,"column":6},"end":{"line":20,"column":7}},{"start":{},"end":{}}],"line":18},"1":{"loc":{"start":{"line":25,"column":2},"end":{"line":39,"column":3}},"type":"if","locations":[{"start":{"line":25,"column":2},"end":{"line":39,"column":3}},{"start":{"line":37,"column":9},"end":{"line":39,"column":3}}],"line":25}},"s":{"0":1,"1":6,"2":6,"3":0,"4":0,"5":0,"6":0,"7":0,"8":6,"9":0,"10":0,"11":6},"f":{"0":6,"1":0,"2":0,"3":0},"b":{"0":[0,0],"1":[0,6]},"_coverageSchema":"1a1c01bbd47fc00a2c39e90264f33305004495a9","hash":"64ab1cf161d1accd539095b9c3261f9b76fd1b15"}
,"D:\\alimpos\\junior\\test-todolist\\test-todolist\\src\\components\\TabPanels\\TabPanels.tsx": {"path":"D:\\alimpos\\junior\\test-todolist\\test-todolist\\src\\components\\TabPanels\\TabPanels.tsx","statementMap":{},"fnMap":{},"branchMap":{},"s":{},"f":{},"b":{}}
,"D:\\alimpos\\junior\\test-todolist\\test-todolist\\src\\components\\Todo\\Todo.tsx": {"path":"D:\\alimpos\\junior\\test-todolist\\test-todolist\\src\\components\\Todo\\Todo.tsx","statementMap":{"0":{"start":{"line":5,"column":20},"end":{"line":23,"column":1}},"1":{"start":{"line":6,"column":15},"end":{"line":6,"column":23}},"2":{"start":{"line":7,"column":23},"end":{"line":7,"column":31}},"3":{"start":{"line":8,"column":21},"end":{"line":8,"column":29}},"4":{"start":{"line":9,"column":19},"end":{"line":9,"column":27}},"5":{"start":{"line":10,"column":16},"end":{"line":10,"column":24}},"6":{"start":{"line":11,"column":2},"end":{"line":22,"column":4}},"7":{"start":{"line":17,"column":86},"end":{"line":17,"column":104}},"8":{"start":{"line":18,"column":38},"end":{"line":18,"column":72}}},"fnMap":{"0":{"name":"(anonymous_0)","decl":{"start":{"line":5,"column":20},"end":{"line":5,"column":21}},"loc":{"start":{"line":5,"column":134},"end":{"line":23,"column":1}},"line":5},"1":{"name":"(anonymous_1)","decl":{"start":{"line":17,"column":80},"end":{"line":17,"column":81}},"loc":{"start":{"line":17,"column":86},"end":{"line":17,"column":104}},"line":17},"2":{"name":"(anonymous_2)","decl":{"start":{"line":18,"column":32},"end":{"line":18,"column":33}},"loc":{"start":{"line":18,"column":38},"end":{"line":18,"column":72}},"line":18}},"branchMap":{"0":{"loc":{"start":{"line":13,"column":65},"end":{"line":13,"column":99}},"type":"cond-expr","locations":[{"start":{"line":13,"column":82},"end":{"line":13,"column":89}},{"start":{"line":13,"column":92},"end":{"line":13,"column":99}}],"line":13},"1":{"loc":{"start":{"line":13,"column":125},"end":{"line":13,"column":159}},"type":"cond-expr","locations":[{"start":{"line":13,"column":142},"end":{"line":13,"column":149}},{"start":{"line":13,"column":152},"end":{"line":13,"column":159}}],"line":13},"2":{"loc":{"start":{"line":17,"column":33},"end":{"line":17,"column":67}},"type":"cond-expr","locations":[{"start":{"line":17,"column":50},"end":{"line":17,"column":57}},{"start":{"line":17,"column":60},"end":{"line":17,"column":67}}],"line":17}},"s":{"0":2,"1":4,"2":4,"3":4,"4":4,"5":4,"6":4,"7":1,"8":1},"f":{"0":4,"1":1,"2":1},"b":{"0":[1,3],"1":[1,3],"2":[1,3]},"_coverageSchema":"1a1c01bbd47fc00a2c39e90264f33305004495a9","hash":"8d3fad984debbf9680726bfb1f003f28796e275c"}
,"D:\\alimpos\\junior\\test-todolist\\test-todolist\\src\\components\\TodoAdd\\TodoAdd.tsx": {"path":"D:\\alimpos\\junior\\test-todolist\\test-todolist\\src\\components\\TodoAdd\\TodoAdd.tsx","statementMap":{"0":{"start":{"line":7,"column":23},"end":{"line":27,"column":1}},"1":{"start":{"line":8,"column":20},"end":{"line":8,"column":25}},"2":{"start":{"line":9,"column":4},"end":{"line":26,"column":5}}},"fnMap":{"0":{"name":"(anonymous_0)","decl":{"start":{"line":7,"column":23},"end":{"line":7,"column":24}},"loc":{"start":{"line":7,"column":52},"end":{"line":27,"column":1}},"line":7}},"branchMap":{},"s":{"0":1,"1":2,"2":2},"f":{"0":2},"b":{},"_coverageSchema":"1a1c01bbd47fc00a2c39e90264f33305004495a9","hash":"d6e1fa037f716a694283396f887354902b3a9c81"}
,"D:\\alimpos\\junior\\test-todolist\\test-todolist\\src\\components\\ui\\color-mode.tsx": {"path":"D:\\alimpos\\junior\\test-todolist\\test-todolist\\src\\components\\ui\\color-mode.tsx","statementMap":{"0":{"start":{"line":13,"column":2},"end":{"line":15,"column":3}},"1":{"start":{"line":27,"column":38},"end":{"line":27,"column":48}},"2":{"start":{"line":28,"column":26},"end":{"line":30,"column":3}},"3":{"start":{"line":29,"column":4},"end":{"line":29,"column":57}},"4":{"start":{"line":31,"column":2},"end":{"line":35,"column":3}},"5":{"start":{"line":39,"column":24},"end":{"line":39,"column":38}},"6":{"start":{"line":40,"column":2},"end":{"line":40,"column":44}},"7":{"start":{"line":44,"column":24},"end":{"line":44,"column":38}},"8":{"start":{"line":45,"column":2},"end":{"line":45,"column":54}},"9":{"start":{"line":50,"column":31},"end":{"line":75,"column":2}},"10":{"start":{"line":54,"column":30},"end":{"line":54,"column":44}},"11":{"start":{"line":55,"column":2},"end":{"line":74,"column":3}},"12":{"start":{"line":77,"column":25},"end":{"line":91,"column":1}},"13":{"start":{"line":79,"column":4},"end":{"line":89,"column":5}},"14":{"start":{"line":93,"column":24},"end":{"line":107,"column":1}},"15":{"start":{"line":95,"column":4},"end":{"line":105,"column":5}}},"fnMap":{"0":{"name":"ColorModeProvider","decl":{"start":{"line":12,"column":16},"end":{"line":12,"column":33}},"loc":{"start":{"line":12,"column":65},"end":{"line":16,"column":1}},"line":12},"1":{"name":"useColorMode","decl":{"start":{"line":26,"column":16},"end":{"line":26,"column":28}},"loc":{"start":{"line":26,"column":51},"end":{"line":36,"column":1}},"line":26},"2":{"name":"(anonymous_2)","decl":{"start":{"line":28,"column":26},"end":{"line":28,"column":27}},"loc":{"start":{"line":28,"column":32},"end":{"line":30,"column":3}},"line":28},"3":{"name":"useColorModeValue","decl":{"start":{"line":38,"column":16},"end":{"line":38,"column":33}},"loc":{"start":{"line":38,"column":56},"end":{"line":41,"column":1}},"line":38},"4":{"name":"ColorModeIcon","decl":{"start":{"line":43,"column":16},"end":{"line":43,"column":29}},"loc":{"start":{"line":43,"column":32},"end":{"line":46,"column":1}},"line":43},"5":{"name":"ColorModeButton","decl":{"start":{"line":53,"column":11},"end":{"line":53,"column":26}},"loc":{"start":{"line":53,"column":39},"end":{"line":75,"column":1}},"line":53},"6":{"name":"LightMode","decl":{"start":{"line":78,"column":11},"end":{"line":78,"column":20}},"loc":{"start":{"line":78,"column":33},"end":{"line":90,"column":3}},"line":78},"7":{"name":"DarkMode","decl":{"start":{"line":94,"column":11},"end":{"line":94,"column":19}},"loc":{"start":{"line":94,"column":32},"end":{"line":106,"column":3}},"line":94}},"branchMap":{"0":{"loc":{"start":{"line":29,"column":13},"end":{"line":29,"column":56}},"type":"cond-expr","locations":[{"start":{"line":29,"column":40},"end":{"line":29,"column":47}},{"start":{"line":29,"column":50},"end":{"line":29,"column":56}}],"line":29},"1":{"loc":{"start":{"line":40,"column":9},"end":{"line":40,"column":44}},"type":"cond-expr","locations":[{"start":{"line":40,"column":32},"end":{"line":40,"column":36}},{"start":{"line":40,"column":39},"end":{"line":40,"column":44}}],"line":40},"2":{"loc":{"start":{"line":45,"column":9},"end":{"line":45,"column":54}},"type":"cond-expr","locations":[{"start":{"line":45,"column":32},"end":{"line":45,"column":42}},{"start":{"line":45,"column":45},"end":{"line":45,"column":54}}],"line":45}},"s":{"0":0,"1":0,"2":0,"3":0,"4":0,"5":0,"6":0,"7":0,"8":0,"9":0,"10":0,"11":0,"12":0,"13":0,"14":0,"15":0},"f":{"0":0,"1":0,"2":0,"3":0,"4":0,"5":0,"6":0,"7":0},"b":{"0":[0,0],"1":[0,0],"2":[0,0]}}
,"D:\\alimpos\\junior\\test-todolist\\test-todolist\\src\\components\\ui\\provider.tsx": {"path":"D:\\alimpos\\junior\\test-todolist\\test-todolist\\src\\components\\ui\\provider.tsx","statementMap":{"0":{"start":{"line":10,"column":2},"end":{"line":14,"column":3}}},"fnMap":{"0":{"name":"Provider","decl":{"start":{"line":9,"column":16},"end":{"line":9,"column":24}},"loc":{"start":{"line":9,"column":56},"end":{"line":15,"column":1}},"line":9}},"branchMap":{},"s":{"0":0},"f":{"0":0},"b":{}}
,"D:\\alimpos\\junior\\test-todolist\\test-todolist\\src\\components\\ui\\toaster.tsx": {"path":"D:\\alimpos\\junior\\test-todolist\\test-todolist\\src\\components\\ui\\toaster.tsx","statementMap":{"0":{"start":{"line":12,"column":23},"end":{"line":15,"column":2}},"1":{"start":{"line":17,"column":23},"end":{"line":43,"column":1}},"2":{"start":{"line":18,"column":2},"end":{"line":42,"column":3}},"3":{"start":{"line":22,"column":10},"end":{"line":38,"column":23}}},"fnMap":{"0":{"name":"(anonymous_0)","decl":{"start":{"line":17,"column":23},"end":{"line":17,"column":24}},"loc":{"start":{"line":17,"column":29},"end":{"line":43,"column":1}},"line":17},"1":{"name":"(anonymous_1)","decl":{"start":{"line":21,"column":9},"end":{"line":21,"column":10}},"loc":{"start":{"line":22,"column":10},"end":{"line":38,"column":23}},"line":22}},"branchMap":{"0":{"loc":{"start":{"line":23,"column":13},"end":{"line":27,"column":13}},"type":"cond-expr","locations":[{"start":{"line":24,"column":14},"end":{"line":24,"column":54}},{"start":{"line":26,"column":14},"end":{"line":26,"column":33}}],"line":23},"1":{"loc":{"start":{"line":29,"column":15},"end":{"line":29,"column":70}},"type":"binary-expr","locations":[{"start":{"line":29,"column":15},"end":{"line":29,"column":26}},{"start":{"line":29,"column":30},"end":{"line":29,"column":70}}],"line":29},"2":{"loc":{"start":{"line":30,"column":15},"end":{"line":32,"column":15}},"type":"binary-expr","locations":[{"start":{"line":30,"column":15},"end":{"line":30,"column":32}},{"start":{"line":31,"column":16},"end":{"line":31,"column":74}}],"line":30},"3":{"loc":{"start":{"line":34,"column":13},"end":{"line":36,"column":13}},"type":"binary-expr","locations":[{"start":{"line":34,"column":13},"end":{"line":34,"column":25}},{"start":{"line":35,"column":14},"end":{"line":35,"column":77}}],"line":34},"4":{"loc":{"start":{"line":37,"column":13},"end":{"line":37,"column":59}},"type":"binary-expr","locations":[{"start":{"line":37,"column":13},"end":{"line":37,"column":33}},{"start":{"line":37,"column":37},"end":{"line":37,"column":59}}],"line":37}},"s":{"0":0,"1":0,"2":0,"3":0},"f":{"0":0,"1":0},"b":{"0":[0,0],"1":[0,0],"2":[0,0],"3":[0,0],"4":[0,0]}}
,"D:\\alimpos\\junior\\test-todolist\\test-todolist\\src\\components\\ui\\tooltip.tsx": {"path":"D:\\alimpos\\junior\\test-todolist\\test-todolist\\src\\components\\ui\\tooltip.tsx","statementMap":{"0":{"start":{"line":13,"column":23},"end":{"line":46,"column":1}},"1":{"start":{"line":24,"column":8},"end":{"line":24,"column":13}},"2":{"start":{"line":26,"column":4},"end":{"line":26,"column":33}},"3":{"start":{"line":26,"column":18},"end":{"line":26,"column":33}},"4":{"start":{"line":28,"column":4},"end":{"line":44,"column":5}}},"fnMap":{"0":{"name":"Tooltip","decl":{"start":{"line":14,"column":11},"end":{"line":14,"column":18}},"loc":{"start":{"line":14,"column":31},"end":{"line":45,"column":3}},"line":14}},"branchMap":{"0":{"loc":{"start":{"line":19,"column":6},"end":{"line":19,"column":22}},"type":"default-arg","locations":[{"start":{"line":19,"column":18},"end":{"line":19,"column":22}}],"line":19},"1":{"loc":{"start":{"line":26,"column":4},"end":{"line":26,"column":33}},"type":"if","locations":[{"start":{"line":26,"column":4},"end":{"line":26,"column":33}},{"start":{},"end":{}}],"line":26},"2":{"loc":{"start":{"line":34,"column":15},"end":{"line":38,"column":15}},"type":"binary-expr","locations":[{"start":{"line":34,"column":15},"end":{"line":34,"column":24}},{"start":{"line":35,"column":16},"end":{"line":37,"column":38}}],"line":34}},"s":{"0":0,"1":0,"2":0,"3":0,"4":0},"f":{"0":0},"b":{"0":[0],"1":[0,0],"2":[0,0]}}
}
