TN:
SF:src\App.tsx
FN:7,App
FNF:1
FNH:1
FNDA:1,App
DA:9,1
LF:1
LH:1
BRF:0
BRH:0
end_of_record
TN:
SF:src\main.tsx
FNF:0
FNH:0
DA:9,0
LF:1
LH:0
BRF:0
BRH:0
end_of_record
TN:
SF:src\components\Header\Header.tsx
FN:3,(anonymous_0)
FNF:1
FNH:1
FNDA:1,(anonymous_0)
DA:3,1
DA:5,1
LF:2
LH:2
BRF:0
BRH:0
end_of_record
TN:
SF:src\components\Main\Main.tsx
FN:11,(anonymous_0)
FN:16,formActive
FN:19,(anonymous_2)
FNF:3
FNH:2
FNDA:2,(anonymous_0)
FNDA:0,formActive
FNDA:1,(anonymous_2)
DA:11,1
DA:12,2
DA:13,2
DA:14,2
DA:17,0
DA:19,2
DA:20,1
DA:23,2
LF:8
LH:7
BRF:0
BRH:0
end_of_record
TN:
SF:src\components\StateTodoList\StateTodoList.tsx
FN:5,(anonymous_0)
FN:16,editAnObject
FN:17,(anonymous_2)
FN:28,(anonymous_3)
FNF:4
FNH:1
FNDA:6,(anonymous_0)
FNDA:0,editAnObject
FNDA:0,(anonymous_2)
FNDA:0,(anonymous_3)
DA:5,1
DA:14,6
DA:15,6
DA:17,0
DA:18,0
DA:19,0
DA:21,0
DA:23,0
DA:25,6
DA:26,0
DA:29,0
DA:38,6
LF:12
LH:5
BRDA:18,0,0,0
BRDA:18,0,1,0
BRDA:25,1,0,0
BRDA:25,1,1,6
BRF:4
BRH:1
end_of_record
TN:
SF:src\components\TabPanels\TabPanels.tsx
FNF:0
FNH:0
LF:0
LH:0
BRF:0
BRH:0
end_of_record
TN:
SF:src\components\Todo\Todo.tsx
FN:5,(anonymous_0)
FN:17,(anonymous_1)
FN:18,(anonymous_2)
FNF:3
FNH:3
FNDA:4,(anonymous_0)
FNDA:1,(anonymous_1)
FNDA:1,(anonymous_2)
DA:5,2
DA:6,4
DA:7,4
DA:8,4
DA:9,4
DA:10,4
DA:11,4
DA:17,1
DA:18,1
LF:9
LH:9
BRDA:13,0,0,1
BRDA:13,0,1,3
BRDA:13,1,0,1
BRDA:13,1,1,3
BRDA:17,2,0,1
BRDA:17,2,1,3
BRF:6
BRH:6
end_of_record
TN:
SF:src\components\TodoAdd\TodoAdd.tsx
FN:7,(anonymous_0)
FNF:1
FNH:1
FNDA:2,(anonymous_0)
DA:7,1
DA:8,2
DA:9,2
LF:3
LH:3
BRF:0
BRH:0
end_of_record
TN:
SF:src\components\ui\color-mode.tsx
FN:12,ColorModeProvider
FN:26,useColorMode
FN:28,(anonymous_2)
FN:38,useColorModeValue
FN:43,ColorModeIcon
FN:53,ColorModeButton
FN:78,LightMode
FN:94,DarkMode
FNF:8
FNH:0
FNDA:0,ColorModeProvider
FNDA:0,useColorMode
FNDA:0,(anonymous_2)
FNDA:0,useColorModeValue
FNDA:0,ColorModeIcon
FNDA:0,ColorModeButton
FNDA:0,LightMode
FNDA:0,DarkMode
DA:13,0
DA:27,0
DA:28,0
DA:29,0
DA:31,0
DA:39,0
DA:40,0
DA:44,0
DA:45,0
DA:50,0
DA:54,0
DA:55,0
DA:77,0
DA:79,0
DA:93,0
DA:95,0
LF:16
LH:0
BRDA:29,0,0,0
BRDA:29,0,1,0
BRDA:40,1,0,0
BRDA:40,1,1,0
BRDA:45,2,0,0
BRDA:45,2,1,0
BRF:6
BRH:0
end_of_record
TN:
SF:src\components\ui\provider.tsx
FN:9,Provider
FNF:1
FNH:0
FNDA:0,Provider
DA:10,0
LF:1
LH:0
BRF:0
BRH:0
end_of_record
TN:
SF:src\components\ui\toaster.tsx
FN:17,(anonymous_0)
FN:21,(anonymous_1)
FNF:2
FNH:0
FNDA:0,(anonymous_0)
FNDA:0,(anonymous_1)
DA:12,0
DA:17,0
DA:18,0
DA:22,0
LF:4
LH:0
BRDA:23,0,0,0
BRDA:23,0,1,0
BRDA:29,1,0,0
BRDA:29,1,1,0
BRDA:30,2,0,0
BRDA:30,2,1,0
BRDA:34,3,0,0
BRDA:34,3,1,0
BRDA:37,4,0,0
BRDA:37,4,1,0
BRF:10
BRH:0
end_of_record
TN:
SF:src\components\ui\tooltip.tsx
FN:14,Tooltip
FNF:1
FNH:0
FNDA:0,Tooltip
DA:13,0
DA:24,0
DA:26,0
DA:28,0
LF:4
LH:0
BRDA:19,0,0,0
BRDA:26,1,0,0
BRDA:26,1,1,0
BRDA:34,2,0,0
BRDA:34,2,1,0
BRF:5
BRH:0
end_of_record
